make all --print-data-base --no-builtin-variables --no-builtin-rules --question
# GNU Make 3.81
# Copyright (C) 2006  Free Software Foundation, Inc.
# This is free software; see the source for copying conditions.
# There is NO warranty; not even for MERCHANTABILITY or FITNESS FOR A
# PARTICULAR PURPOSE.

# This program built for i386-apple-darwin11.3.0
 
make: *** No rule to make target `all'.  Stop.


# Make data base, printed on Sat Jun 18 03:58:02 2022

# Variables

# automatic
<D = $(patsubst %/,%,$(dir $<))
# automatic
?F = $(notdir $?)
# environment
 
VIRTUALENVWRAPPER_PROJECT_FILENAME = .project
# environment
VSCODE_LOG_NATIVE = false
# environment
NVM_INC = /Users/bolajide/.nvm/versions/node/v16.13.2/include/node
# automatic
?D = $(patsubst %/,%,$(dir $?))
# automatic
@D = $(patsubst %/,%,$(dir $@))
# automatic
@F = $(notdir $@)
# makefile
CURDIR := /Users/bolajide/workspace/lenslocked.com
# makefile
SHELL = /bin/sh
# environment
VSCODE_NLS_CONFIG = {"locale":"en-gb","availableLanguages":{},"_languagePackSupport":true}
# environment
_ = /usr/bin/make
# makefile (from `Makefile', line 1)
MAKEFILE_LIST :=  Makefile
# environment
VSCODE_AMD_ENTRYPOINT = vs/workbench/api/node/extensionHostProcess
# environment
VSCODE_VERBOSE_LOGGING = true
# environment
__CFBundleIdentifier = com.microsoft.VSCode
# environment
VSCODE_IPC_HOOK_EXTHOST = /var/folders/r1/zdtn1kn57xq1qmz0cdxkn4mw0000gn/T/vscode-ipc-3d0c6770-4c2c-4c73-85b1-6583b1acbe2d.sock
# environment
VSCODE_CWD = /
# environment
GOPROXY = https://proxy.golang.org,direct
# environment
PATH = /Users/bolajide/go/bin:/Users/bolajide/.nvm/versions/node/v16.13.2/bin:/Users/bolajide/.local/share/solana/install/active_release/bin:/usr/local/sbin:/Library/Frameworks/Python.framework/Versions/2.7/bin:/usr/local/bin:/usr/bin:/bin:/usr/sbin:/sbin:/Library/Apple/usr/bin:/Users/bolajide/.cargo/bin:/Users/bolajide/.fig/bin:/Users/bolajide/.local/bin:/Users/bolajide/Library/Android/sdk/tools:/Users/bolajide/Library/Android/sdk/platform-tools
# environment
LSCOLORS = Gxfxcxdxbxegedabagacad
# environment
NODE_ENV = development
# environment
VSCODE_HANDLES_UNCAUGHT_ERRORS = true
# environment
GOPATH = /Users/bolajide/go
# environment
NVM_BIN = /Users/bolajide/.nvm/versions/node/v16.13.2/bin
# environment
VIRTUALENVWRAPPER_PYTHON = python
# environment
VSCODE_LOG_STACK = false
# environment
ELECTRON_RUN_AS_NODE = 1
# environment
ANDROID_HOME = /Users/bolajide/Library/Android/sdk
# default
.FEATURES := target-specific order-only second-expansion else-if archives jobserver check-symlink
# environment
VIRTUALENVWRAPPER_HOOK_DIR = /Users/bolajide/.virtualenvs
# environment
SSH_AUTH_SOCK = /private/tmp/com.apple.launchd.o98hj9f6ga/Listeners
# automatic
%F = $(notdir $%)
# environment
TTY = not a tty
# environment
VSCODE_PIPE_LOGGING = true
# environment
FIG_PID = 57020
# environment
PWD = /Users/bolajide/workspace/lenslocked.com
# environment
ORIGINAL_XDG_CURRENT_DESKTOP = undefined
# environment
GOMODCACHE = /Users/bolajide/go/pkg/mod
# environment
HOME = /Users/bolajide
# default
MAKEFILEPATH := /Applications/Xcode.app/Contents/Developer/Makefiles
# environment
VSCODE_CODE_CACHE_PATH = /Users/bolajide/Library/Application Support/Code/CachedData/30d9c6cd9483b2cc586687151bcbcd635f373630
# environment
LOGNAME = bolajide
# environment
APPLICATION_INSIGHTS_NO_DIAGNOSTIC_CHANNEL = true
# environment
NVM_CD_FLAGS = -q
# environment
ZSH = /Users/bolajide/.oh-my-zsh
# environment
WORKON_HOME = /Users/bolajide/.virtualenvs
# automatic
^D = $(patsubst %/,%,$(dir $^))
# environment
XPC_FLAGS = 0x0
# default
MAKE = $(MAKE_COMMAND)
# default
MAKECMDGOALS := all
# environment
SHLVL = 1
# environment
JAVA_HOME = /Library/Java/JavaVirtualMachines/jdk-17.jdk/Contents/Home
# default
MAKE_VERSION := 3.81
# environment
USER = bolajide
# makefile
.DEFAULT_GOAL := start_dev
# environment
LESS = -R
# automatic
%D = $(patsubst %/,%,$(dir $%))
# default
MAKE_COMMAND := /Applications/Xcode.app/Contents/Developer/usr/bin/make
# default
.VARIABLES := 
# environment
TMPDIR = /var/folders/r1/zdtn1kn57xq1qmz0cdxkn4mw0000gn/T/
# automatic
*F = $(notdir $*)
# environment
VSCODE_IPC_HOOK = /Users/bolajide/Library/Application Support/Code/1.68.1-main.sock
# makefile
MAKEFLAGS = Rrqp
# environment
MFLAGS = -Rrqp
# automatic
*D = $(patsubst %/,%,$(dir $*))
# environment
NVM_DIR = /Users/bolajide/.nvm
# environment
XPC_SERVICE_NAME = application.com.microsoft.VSCode.37084398.37084404
# automatic
+D = $(patsubst %/,%,$(dir $+))
# automatic
+F = $(notdir $+)
# environment
__CF_USER_TEXT_ENCODING = 0x1F5:0:2
# environment
COMMAND_MODE = unix2003
# default
MAKEFILES := 
# environment
VIRTUALENVWRAPPER_WORKON_CD = 1
# automatic
<F = $(notdir $<)
# environment
VIRTUALENVWRAPPER_SCRIPT = /Library/Frameworks/Python.framework/Versions/2.7/bin/virtualenvwrapper.sh
# environment
PAGER = less
# environment
LC_ALL = C
# automatic
^F = $(notdir $^)
# default
SUFFIXES := 
# default
.INCLUDE_DIRS = /usr/local/include
# environment
MAKELEVEL := 0
# environment
GPG_TTY = not a tty
# environment
LANG = C
# environment
VSCODE_PID = 57008
# variable set hash-table stats:
# Load=85/1024=8%, Rehash=0, Collisions=3/109=3%

# Pattern-specific Variable Values

# No pattern-specific variable values.

# Directories

 
# . (device 16777220, inode 154972): 23 files, no impossibilities.

# 23 files, no impossibilities in 1 directories.

# Implicit Rules

# No implicit rules.

# Files

# Not a target:
all:
#  Command-line target.
#  Implicit rule search has been done.
#  File does not exist.
#  File has not been updated.
# variable set hash-table stats:
# Load=0/32=0%, Rehash=0, Collisions=0/0=0%

start_dev:
#  Implicit rule search has not been done.
#  Modification time never checked.
#  File has not been updated.
#  commands to execute (from `Makefile', line 2):
	nodemon --exec go run main.go --signal SIGTERM
	

# Not a target:
.SUFFIXES:
#  Implicit rule search has not been done.
#  Modification time never checked.
#  File has not been updated.

# Not a target:
Makefile:
#  Implicit rule search has been done.
#  Last modified 2022-01-20 18:49:09
#  File has been updated.
#  Successfully updated.
# variable set hash-table stats:
# Load=0/32=0%, Rehash=0, Collisions=0/0=0%

start:
#  Implicit rule search has not been done.
#  Modification time never checked.
#  File has not been updated.
#  commands to execute (from `Makefile', line 5):
	./lenslocked.com
	

build:
#  Implicit rule search has not been done.
#  Modification time never checked.
#  File has not been updated.
#  commands to execute (from `Makefile', line 8):
	go build -o ./bin .
	

# Not a target:
.DEFAULT:
#  Implicit rule search has not been done.
#  Modification time never checked.
#  File has not been updated.

# files hash-table stats:
# Load=7/1024=1%, Rehash=0, Collisions=0/19=0%
# VPATH Search Paths

# No `vpath' search paths.

# No general (`VPATH' variable) search path.

# # of strings in strcache: 1
# # of strcache buffers: 1
# strcache size: total = 4096 / max = 4096 / min = 4096 / avg = 4096
# strcache free: total = 4087 / max = 4087 / min = 4087 / avg = 4087

# Finished Make data base on Sat Jun 18 03:58:02 2022

 
